{
  "seleniumLog": [
    {
      "commandName": "launch_Site",
      "args": [
        "[https://www.culinarycircle.com/]"
      ],
      "result": "success",
      "subLogs": [
        {
          "commandName": "get",
          "args": [
            "{url=https://www.culinarycircle.com/}"
          ],
          "result": "null",
          "subLogs": [],
          "duration": 11959
        },
        {
          "commandName": "maximizeCurrentWindow",
          "args": [
            "{}"
          ],
          "result": "null",
          "subLogs": [],
          "duration": 1129
        }
      ],
      "duration": -1
    },
    {
      "commandName": "goTo_RecipePage",
      "args": [
        "[]"
      ],
      "result": "fail",
      "subLogs": [
        {
          "commandName": "findElements",
          "args": [
            "{value=//a[contains(text(),'Recipes')], using=xpath}"
          ],
          "result": "[]",
          "subLogs": [],
          "duration": 123
        },
        {
          "commandName": "findElements",
          "args": [
            "{value=//a[contains(text(),'Recipes')], using=xpath}"
          ],
          "result": "[]",
          "subLogs": [],
          "duration": 20
        },
        {
          "commandName": "findElements",
          "args": [
            "{value=//a[contains(text(),'Recipes')], using=xpath}"
          ],
          "result": "[]",
          "subLogs": [],
          "duration": 17
        },
        {
          "commandName": "findElements",
          "args": [
            "{value=//a[contains(text(),'Recipes')], using=xpath}"
          ],
          "result": "[]",
          "subLogs": [],
          "duration": 25
        },
        {
          "commandName": "findElements",
          "args": [
            "{value=//a[contains(text(),'Recipes')], using=xpath}"
          ],
          "result": "[]",
          "subLogs": [],
          "duration": 20
        },
        {
          "commandName": "findElements",
          "args": [
            "{value=//a[contains(text(),'Recipes')], using=xpath}"
          ],
          "result": "null",
          "subLogs": [],
          "duration": 25855
        },
        {
          "commandName": "clickElement",
          "args": [
            "Using any of[xpath=//a[contains(text(),'Recipes')]]",
            "{\"id\":\"-1\"}"
          ],
          "result": "Expected condition failed: waiting for presence of element located by: Using any of[xpath=//a[contains(text(),'Recipes')]] (tried for 15 second(s) with 1000 MILLISECONDS interval)",
          "subLogs": [],
          "duration": 1721597871
        },
        {
          "commandName": "findElements",
          "args": [
            "{value=//a[contains(text(),'Recipes')], using=xpath}"
          ],
          "result": "no such window: target window already closed\nfrom unknown error: web view not found\n  (Session info: chrome=69.0.3497.100)\n  (Driver info: chromedriver=2.40.565498 (ea082db3280dd6843ebfb08a625e3eb905c4f5ab),platform=Windows NT 10.0.17134 x86_64) (WARNING: The server did not provide any stacktrace information)\nCommand duration or timeout: 0 milliseconds\nBuild info: version: '3.6.0', revision: '6fbf3ec767', time: '2017-09-27T15:28:36.4Z'\nSystem info: host: 'DESKTOP-9GHEFCC', ip: '192.168.42.190', os.name: 'Windows 10', os.arch: 'amd64', os.version: '10.0', java.version: '1.8.0_181'\nDriver info: com.qmetry.qaf.automation.ui.webdriver.QAFExtendedWebDriver\nCapabilities [{mobileEmulationEnabled=false, hasTouchScreen=false, platform=XP, acceptSslCerts=false, acceptInsecureCerts=false, webStorageEnabled=true, browserName=chrome, takesScreenshot=true, javascriptEnabled=true, platformName=XP, setWindowRect=true, unexpectedAlertBehaviour=, applicationCacheEnabled=false, rotatable=false, networkConnectionEnabled=false, chrome={chromedriverVersion=2.40.565498 (ea082db3280dd6843ebfb08a625e3eb905c4f5ab), userDataDir=C:\\Users\\MULLAI~1\\AppData\\Local\\Temp\\scoped_dir9816_26679}, takesHeapSnapshot=true, pageLoadStrategy=normal, unhandledPromptBehavior=, databaseEnabled=false, handlesAlerts=true, version=69.0.3497.100, browserConnectionEnabled=false, nativeEvents=true, locationContextEnabled=true, cssSelectorsEnabled=true}]\nSession ID: cd3f7168cb53a5e74eb5e4b5176d3b83\n*** Element info: {Using=xpath, value=//a[contains(text(),'Recipes')]}",
          "subLogs": [],
          "duration": 150
        }
      ],
      "duration": -1
    },
    {
      "commandName": "And Get a recipe name available",
      "args": [
        "[]"
      ],
      "result": "Not Run",
      "subLogs": [],
      "duration": -1
    },
    {
      "commandName": "Then Enter the recipe name in search box",
      "args": [
        "[]"
      ],
      "result": "Not Run",
      "subLogs": [],
      "duration": -1
    },
    {
      "commandName": "And Click Search icon",
      "args": [
        "[]"
      ],
      "result": "Not Run",
      "subLogs": [],
      "duration": -1
    },
    {
      "commandName": "Then Validate the recipes search result for particular recipe",
      "args": [
        "[]"
      ],
      "result": "Not Run",
      "subLogs": [],
      "duration": -1
    }
  ],
  "checkPoints": [
    {
      "message": "Given Launch site \"https://www.culinarycircle.com/\"",
      "type": "TestStepPass",
      "duration": 18963,
      "threshold": 0,
      "subCheckPoints": []
    },
    {
      "message": "Then Go to Recipe Page",
      "type": "TestStepFail",
      "screenshot": "",
      "duration": 31357,
      "threshold": 0,
      "subCheckPoints": [
        {
          "message": "Expected condition failed: waiting for presence of element located by: Using any of[xpath=//a[contains(text(),'Recipes')]] (tried for 15 second(s) with 1000 MILLISECONDS interval)",
          "type": "Fail",
          "duration": 0,
          "threshold": 0,
          "subCheckPoints": []
        }
      ]
    },
    {
      "message": "And Get a recipe name available",
      "type": "TestStep",
      "duration": 0,
      "threshold": 0,
      "subCheckPoints": []
    },
    {
      "message": "Then Enter the recipe name in search box",
      "type": "TestStep",
      "duration": 0,
      "threshold": 0,
      "subCheckPoints": []
    },
    {
      "message": "And Click Search icon",
      "type": "TestStep",
      "duration": 0,
      "threshold": 0,
      "subCheckPoints": []
    },
    {
      "message": "Then Validate the recipes search result for particular recipe",
      "type": "TestStep",
      "duration": 0,
      "threshold": 0,
      "subCheckPoints": []
    }
  ],
  "errorTrace": "org.openqa.selenium.TimeoutException: Expected condition failed: waiting for presence of element located by: Using any of[xpath=//a[contains(text(),'Recipes')]] (tried for 15 second(s) with 1000 MILLISECONDS interval)\r\n\tat .Then Go to Recipe Page(src/main/resources/scenarios/Recipes.feature:10)\r\n\tat org.openqa.selenium.support.ui.FluentWait.timeoutException(FluentWait.java:296)\r\n\tat org.openqa.selenium.support.ui.FluentWait.until(FluentWait.java:265)\r\n\tat com.qmetry.qaf.automation.ui.webdriver.QAFExtendedWebDriver.load(QAFExtendedWebDriver.java:216)\r\n\tat com.qmetry.qaf.automation.ui.webdriver.QAFExtendedWebElement.load(QAFExtendedWebElement.java:299)\r\n\tat com.qmetry.qaf.automation.ui.webdriver.QAFExtendedWebElement.execute(QAFExtendedWebElement.java:250)\r\n\tat org.openqa.selenium.remote.RemoteWebElement.click(RemoteWebElement.java:83)\r\n\tat com.culinarycircle.steps.RecipesStepDef.goTo_RecipePage(RecipesStepDef.java:18)\r\n\tat com.qmetry.qaf.automation.step.JavaStep.doExecute(JavaStep.java:159)\r\n\tat com.qmetry.qaf.automation.step.BaseTestStep.execute(BaseTestStep.java:149)\r\n\tat com.qmetry.qaf.automation.step.StringTestStep.execute(StringTestStep.java:134)\r\n\tat com.qmetry.qaf.automation.step.client.Scenario.execute(Scenario.java:173)\r\n\tat com.qmetry.qaf.automation.step.client.Scenario.scenario(Scenario.java:225)\r\n\tat java.util.concurrent.FutureTask.run(Unknown Source)\r\n\tat java.util.concurrent.ThreadPoolExecutor.runWorker(Unknown Source)\r\n\tat java.util.concurrent.ThreadPoolExecutor$Worker.run(Unknown Source)\r\n\tat java.lang.Thread.run(Unknown Source)\r\nCaused by: org.openqa.selenium.NoSuchElementException: Cannot locate an element using Using any of[xpath=//a[contains(text(),'Recipes')]]\nFor documentation on this error, please visit: http://seleniumhq.org/exceptions/no_such_element.html\nBuild info: version: '3.6.0', revision: '6fbf3ec767', time: '2017-09-27T15:28:36.4Z'\nSystem info: host: 'DESKTOP-9GHEFCC', ip: '192.168.42.190', os.name: 'Windows 10', os.arch: 'amd64', os.version: '10.0', java.version: '1.8.0_181'\nDriver info: driver.version: QAFExtendedWebDriver\r\n\tat com.qmetry.qaf.automation.ui.webdriver.ByAny.findElement(ByAny.java:54)\r\n\tat org.openqa.selenium.remote.RemoteWebDriver.findElement(RemoteWebDriver.java:348)\r\n\tat com.qmetry.qaf.automation.ui.webdriver.QAFExtendedWebDriver.findElement(QAFExtendedWebDriver.java:171)\r\n\tat com.qmetry.qaf.automation.ui.webdriver.QAFExtendedWebDriver.findElement(QAFExtendedWebDriver.java:1)\r\n\tat org.openqa.selenium.support.ui.ExpectedConditions.findElement(ExpectedConditions.java:895)\r\n\tat org.openqa.selenium.support.ui.ExpectedConditions.access$000(ExpectedConditions.java:41)\r\n\tat org.openqa.selenium.support.ui.ExpectedConditions$6.apply(ExpectedConditions.java:181)\r\n\tat org.openqa.selenium.support.ui.ExpectedConditions$6.apply(ExpectedConditions.java:178)\r\n\tat org.openqa.selenium.support.ui.FluentWait.until(FluentWait.java:238)\r\n\tat com.qmetry.qaf.automation.ui.webdriver.QAFExtendedWebDriver.load(QAFExtendedWebDriver.java:216)\r\n\tat com.qmetry.qaf.automation.ui.webdriver.QAFExtendedWebElement.load(QAFExtendedWebElement.java:299)\r\n\tat com.qmetry.qaf.automation.ui.webdriver.QAFExtendedWebElement.execute(QAFExtendedWebElement.java:250)\r\n\tat org.openqa.selenium.remote.RemoteWebElement.click(RemoteWebElement.java:83)\r\n\tat com.culinarycircle.steps.RecipesStepDef.goTo_RecipePage(RecipesStepDef.java:18)\r\n\tat sun.reflect.NativeMethodAccessorImpl.invoke0(Native Method)\r\n\tat sun.reflect.NativeMethodAccessorImpl.invoke(Unknown Source)\r\n\tat sun.reflect.DelegatingMethodAccessorImpl.invoke(Unknown Source)\r\n\tat java.lang.reflect.Method.invoke(Unknown Source)\r\n\tat com.qmetry.qaf.automation.step.JavaStep.doExecute(JavaStep.java:159)\r\n\tat com.qmetry.qaf.automation.step.BaseTestStep.execute(BaseTestStep.java:149)\r\n\tat com.qmetry.qaf.automation.step.StringTestStep.execute(StringTestStep.java:134)\r\n\tat com.qmetry.qaf.automation.step.client.Scenario.execute(Scenario.java:173)\r\n\tat com.qmetry.qaf.automation.step.client.Scenario.scenario(Scenario.java:225)\r\n\tat sun.reflect.NativeMethodAccessorImpl.invoke0(Native Method)\r\n\tat sun.reflect.NativeMethodAccessorImpl.invoke(Unknown Source)\r\n\tat sun.reflect.DelegatingMethodAccessorImpl.invoke(Unknown Source)\r\n\tat java.lang.reflect.Method.invoke(Unknown Source)\r\n\tat org.testng.internal.MethodInvocationHelper.invokeMethod(MethodInvocationHelper.java:104)\r\n\tat org.testng.internal.Invoker.invokeMethod(Invoker.java:645)\r\n\tat org.testng.internal.Invoker.invokeTestMethod(Invoker.java:851)\r\n\tat org.testng.internal.Invoker.invokeTestMethods(Invoker.java:1177)\r\n\tat org.testng.internal.TestMethodWorker.invokeTestMethods(TestMethodWorker.java:129)\r\n\tat org.testng.internal.TestMethodWorker.run(TestMethodWorker.java:112)\r\n\tat org.testng.TestRunner.privateRun(TestRunner.java:781)\r\n\tat org.testng.TestRunner.run(TestRunner.java:635)\r\n\tat org.testng.SuiteRunner.runTest(SuiteRunner.java:387)\r\n\tat org.testng.SuiteRunner.access$000(SuiteRunner.java:39)\r\n\tat org.testng.SuiteRunner$SuiteWorker.run(SuiteRunner.java:421)\r\n\tat org.testng.internal.thread.ThreadUtil$2.call(ThreadUtil.java:64)\r\n\t... 4 more\r\n"
}