<?xml version="1.0" encoding="UTF-8"?>
<!-- Generated by org.testng.reporters.JUnitXMLReporter -->
<testsuite hostname="DESKTOP-9GHEFCC" ignored="0" name="Web Scenarios Chrome Test" tests="6" failures="2" timestamp="27 Oct 2018 03:46:44 GMT" time="101.877" errors="0">
  <testcase name="Submit form with valid details in required fields" time="85.387" classname="com.qmetry.qaf.automation.step.client.Scenario">
    <failure type="org.openqa.selenium.TimeoutException" message="Expected condition failed: waiting for presence of element located by: [unknown locator] (tried for 15 second(s) with 1000 MILLISECONDS interval)">
      <![CDATA[org.openqa.selenium.TimeoutException: Expected condition failed: waiting for presence of element located by: [unknown locator] (tried for 15 second(s) with 1000 MILLISECONDS interval)
	at .Then Validate the success message "${success.message}" and "${thankyou.message}"(src/main/resources/scenarios/ContactUs.feature:11)
	at org.openqa.selenium.support.ui.FluentWait.timeoutException(FluentWait.java:296)
	at org.openqa.selenium.support.ui.FluentWait.until(FluentWait.java:265)
	at com.qmetry.qaf.automation.ui.webdriver.QAFExtendedWebDriver.load(QAFExtendedWebDriver.java:216)
	at com.qmetry.qaf.automation.ui.webdriver.QAFExtendedWebElement.load(QAFExtendedWebElement.java:299)
	at com.qmetry.qaf.automation.ui.webdriver.QAFExtendedWebElement.getId(QAFExtendedWebElement.java:309)
	at com.qmetry.qaf.automation.ui.webdriver.QAFExtendedWebElement.isDisplayed(QAFExtendedWebElement.java:329)
	at com.culinarycircle.pages.ContactUsPage.validate_SuccessMessage(ContactUsPage.java:148)
	at com.culinarycircle.steps.ContactUsStepDef.validate_SuccessMessage(ContactUsStepDef.java:194)
	at com.qmetry.qaf.automation.step.JavaStep.doExecute(JavaStep.java:159)
	at com.qmetry.qaf.automation.step.BaseTestStep.execute(BaseTestStep.java:149)
	at com.qmetry.qaf.automation.step.StringTestStep.execute(StringTestStep.java:134)
	at com.qmetry.qaf.automation.step.client.Scenario.execute(Scenario.java:173)
	at com.qmetry.qaf.automation.step.client.Scenario.scenario(Scenario.java:225)
	at java.util.concurrent.FutureTask.run(Unknown Source)
	at java.util.concurrent.ThreadPoolExecutor.runWorker(Unknown Source)
	at java.util.concurrent.ThreadPoolExecutor$Worker.run(Unknown Source)
	at java.lang.Thread.run(Unknown Source)
Caused by: org.openqa.selenium.WebDriverException: unknown error: Unsupported locator strategy: xpath 
  (Session info: chrome=69.0.3497.100)
  (Driver info: chromedriver=2.40.565498 (ea082db3280dd6843ebfb08a625e3eb905c4f5ab),platform=Windows NT 10.0.17134 x86_64) (WARNING: The server did not provide any stacktrace information)
Command duration or timeout: 0 milliseconds
Build info: version: '3.6.0', revision: '6fbf3ec767', time: '2017-09-27T15:28:36.4Z'
System info: host: 'DESKTOP-9GHEFCC', ip: '192.168.0.12', os.name: 'Windows 10', os.arch: 'amd64', os.version: '10.0', java.version: '1.8.0_181'
Driver info: com.qmetry.qaf.automation.ui.webdriver.QAFExtendedWebDriver
Capabilities [{mobileEmulationEnabled=false, hasTouchScreen=false, platform=XP, acceptSslCerts=false, acceptInsecureCerts=false, webStorageEnabled=true, browserName=chrome, takesScreenshot=true, javascriptEnabled=true, platformName=XP, setWindowRect=true, unexpectedAlertBehaviour=, applicationCacheEnabled=false, rotatable=false, networkConnectionEnabled=false, chrome={chromedriverVersion=2.40.565498 (ea082db3280dd6843ebfb08a625e3eb905c4f5ab), userDataDir=C:\Users\MULLAI~1\AppData\Local\Temp\scoped_dir7704_16679}, takesHeapSnapshot=true, pageLoadStrategy=normal, unhandledPromptBehavior=, databaseEnabled=false, handlesAlerts=true, version=69.0.3497.100, browserConnectionEnabled=false, nativeEvents=true, locationContextEnabled=true, cssSelectorsEnabled=true}]
Session ID: f958467296e70b1ac7b500bfde5a4256
*** Element info: {Using=xpath , value= //span[@class='message']}
	at org.openqa.selenium.remote.ErrorHandler.createThrowable(ErrorHandler.java:214)
	at org.openqa.selenium.remote.ErrorHandler.throwIfResponseFailed(ErrorHandler.java:166)
	at org.openqa.selenium.remote.http.JsonHttpResponseCodec.reconstructValue(JsonHttpResponseCodec.java:40)
	at org.openqa.selenium.remote.http.AbstractHttpResponseCodec.decode(AbstractHttpResponseCodec.java:82)
	at org.openqa.selenium.remote.http.AbstractHttpResponseCodec.decode(AbstractHttpResponseCodec.java:45)
	at org.openqa.selenium.remote.HttpCommandExecutor.execute(HttpCommandExecutor.java:164)
	at org.openqa.selenium.remote.RemoteWebDriver.execute(RemoteWebDriver.java:586)
	at com.qmetry.qaf.automation.ui.webdriver.QAFExtendedWebDriver.execute(QAFExtendedWebDriver.java:236)
	at org.openqa.selenium.remote.RemoteWebDriver.findElements(RemoteWebDriver.java:383)
	at com.qmetry.qaf.automation.ui.webdriver.QAFExtendedWebDriver.findElementsByCustomStretegy(QAFExtendedWebDriver.java:547)
	at com.qmetry.qaf.automation.ui.webdriver.ByCustom.findElements(ByCustom.java:63)
	at org.openqa.selenium.By.findElement(By.java:159)
	at org.openqa.selenium.remote.RemoteWebDriver.findElement(RemoteWebDriver.java:348)
	at com.qmetry.qaf.automation.ui.webdriver.QAFExtendedWebDriver.findElement(QAFExtendedWebDriver.java:171)
	at com.qmetry.qaf.automation.ui.webdriver.QAFExtendedWebDriver.findElement(QAFExtendedWebDriver.java:1)
	at org.openqa.selenium.support.ui.ExpectedConditions.findElement(ExpectedConditions.java:895)
	at org.openqa.selenium.support.ui.ExpectedConditions.access$000(ExpectedConditions.java:41)
	at org.openqa.selenium.support.ui.ExpectedConditions$6.apply(ExpectedConditions.java:181)
	at org.openqa.selenium.support.ui.ExpectedConditions$6.apply(ExpectedConditions.java:178)
	at org.openqa.selenium.support.ui.FluentWait.until(FluentWait.java:238)
	at com.qmetry.qaf.automation.ui.webdriver.QAFExtendedWebDriver.load(QAFExtendedWebDriver.java:216)
	at com.qmetry.qaf.automation.ui.webdriver.QAFExtendedWebElement.load(QAFExtendedWebElement.java:299)
	at com.qmetry.qaf.automation.ui.webdriver.QAFExtendedWebElement.getId(QAFExtendedWebElement.java:309)
	at com.qmetry.qaf.automation.ui.webdriver.QAFExtendedWebElement.isDisplayed(QAFExtendedWebElement.java:329)
	at com.culinarycircle.pages.ContactUsPage.validate_SuccessMessage(ContactUsPage.java:148)
	at com.culinarycircle.steps.ContactUsStepDef.validate_SuccessMessage(ContactUsStepDef.java:194)
	at com.qmetry.qaf.automation.step.JavaStep.doExecute(JavaStep.java:159)
	at com.qmetry.qaf.automation.step.BaseTestStep.execute(BaseTestStep.java:149)
	at com.qmetry.qaf.automation.step.StringTestStep.execute(StringTestStep.java:134)
	at com.qmetry.qaf.automation.step.client.Scenario.execute(Scenario.java:173)
	at com.qmetry.qaf.automation.step.client.Scenario.scenario(Scenario.java:225)
	... 4 more
... Removed 24 stack frames]]>
    </failure>
  </testcase> <!-- Submit form with valid details in required fields -->
  <testcase name="Submit form with no details" time="4.964" classname="com.qmetry.qaf.automation.step.client.Scenario"/>
  <testcase name="Submit form with valid details in all fields" time="1.65" classname="com.qmetry.qaf.automation.step.client.Scenario">
    <failure type="java.lang.NullPointerException">
      <![CDATA[java.lang.NullPointerException
	at .And Enter Shop "${shop name}"(src/main/resources/scenarios/ContactUs.feature:29)
	at com.qmetry.qaf.automation.step.JavaStep.getObject(JavaStep.java:395)
	at com.qmetry.qaf.automation.step.JavaStep.getPropValue(JavaStep.java:390)
	at com.qmetry.qaf.automation.step.JavaStep.processArgs(JavaStep.java:236)
	at com.qmetry.qaf.automation.step.JavaStep.doExecute(JavaStep.java:158)
	at com.qmetry.qaf.automation.step.BaseTestStep.execute(BaseTestStep.java:149)
	at com.qmetry.qaf.automation.step.StringTestStep.execute(StringTestStep.java:134)
	at com.qmetry.qaf.automation.step.client.Scenario.execute(Scenario.java:173)
	at com.qmetry.qaf.automation.step.client.Scenario.scenario(Scenario.java:225)
	at java.util.concurrent.FutureTask.run(Unknown Source)
	at java.util.concurrent.ThreadPoolExecutor.runWorker(Unknown Source)
	at java.util.concurrent.ThreadPoolExecutor$Worker.run(Unknown Source)
	at java.lang.Thread.run(Unknown Source)
]]>
    </failure>
  </testcase> <!-- Submit form with valid details in all fields -->
  <testcase name="Validate Name fields" time="2.207" classname="com.qmetry.qaf.automation.step.client.Scenario"/>
  <testcase name="Validate email field" time="1.762" classname="com.qmetry.qaf.automation.step.client.Scenario"/>
  <testcase name="Validate Phone Number field" time="2.321" classname="com.qmetry.qaf.automation.step.client.Scenario"/>
</testsuite> <!-- Web Scenarios Chrome Test -->
